1.1495 	WARNING 	We strongly recommend you activate the PTB sound engine in PsychoPy prefs as the preferred audio engine. Its timing is vastly superior. Your prefs are currently set to use ['sounddevice', 'PTB', 'pyo', 'pygame'] (in that order).
7.8980 	WARNING 	User requested fullscreen with size [1280  720], but screen is actually [1920, 1080]. Using actual size
8.1745 	EXP 	Created window1 = Window(allowGUI=True, allowStencil=False, autoLog=True, backendConf=UNKNOWN, bitsMode=UNKNOWN, blendMode='avg', bpc=(8, 8, 8), color=array([0.5059, 0.5059, 0.5059]), colorSpace='rgb', depthBits=8, fullscr=<method-wrapper '__getattribute__' of attributeSetter object at 0x000001D6F2CAB2E0>, gamma=None, gammaErrorPolicy='raise', lms=UNKNOWN, monitor=<psychopy.monitors.calibTools.Monitor object at 0x000001D6F4BA9970>, multiSample=False, name='window1', numSamples=2, pos=(0, 0), screen=0, size=array([1920, 1080]), stencilBits=0, stereo=False, units='height', useFBO=True, useRetina=False, viewOri=0.0, viewPos=None, viewScale=None, waitBlanking=True, winType='pyglet')
8.1746 	EXP 	window1: mouseVisible = True
8.1747 	EXP 	window1: mouseVisible = False
8.1747 	EXP 	window1: Attempting to measure frame rate of screen (0) ...
8.1747 	EXP 	window1: recordFrameIntervals = False
8.2165 	EXP 	window1: recordFrameIntervals = True
8.2624 	EXP 	Screen (0) actual frame rate measured at 239.14Hz
8.2624 	EXP 	window1: recordFrameIntervals = False
9.5324 	EXP 	Created inst1_square = TextStim(__class__=<class 'psychopy.visual.text.TextStim'>, alignHoriz=method-wrapper(...), alignText='center', alignVert=method-wrapper(...), anchorHoriz='center', anchorVert='center', antialias=True, autoDraw=False, autoLog=True, bold=False, color=array([-1, -1, -1]), colorSpace='rgb', contrast=1.0, depth=0.0, flipHoriz=False, flipVert=False, font='Open Sans', fontFiles=[], height=0.037, italic=False, languageStyle='RTL', name='inst1_square', opacity=1.0, ori=0.0, pos=array([0., 0.]), rgb=UNKNOWN, text=str(...), units='height', win=Window(...), wrapWidth=800.0)
9.5437 	EXP 	Created inst1_diam = TextStim(__class__=<class 'psychopy.visual.text.TextStim'>, alignHoriz=method-wrapper(...), alignText='center', alignVert=method-wrapper(...), anchorHoriz='center', anchorVert='center', antialias=True, autoDraw=False, autoLog=True, bold=False, color=array([-1, -1, -1]), colorSpace='rgb', contrast=1.0, depth=-1.0, flipHoriz=False, flipVert=False, font='Open Sans', fontFiles=[], height=0.037, italic=False, languageStyle='RTL', name='inst1_diam', opacity=1.0, ori=0.0, pos=array([0., 0.]), rgb=UNKNOWN, text=str(...), units='height', win=Window(...), wrapWidth=800.0)
9.5609 	EXP 	Created inst2_square = TextStim(__class__=<class 'psychopy.visual.text.TextStim'>, alignHoriz=method-wrapper(...), alignText='center', alignVert=method-wrapper(...), anchorHoriz='center', anchorVert='center', antialias=True, autoDraw=False, autoLog=True, bold=False, color=array([-1, -1, -1]), colorSpace='rgb', contrast=1.0, depth=0.0, flipHoriz=False, flipVert=False, font='Open Sans', fontFiles=[], height=0.037, italic=False, languageStyle='RTL', name='inst2_square', opacity=1.0, ori=0.0, pos=array([0., 0.]), rgb=UNKNOWN, text=str(...), units='height', win=Window(...), wrapWidth=800.0)
9.5708 	EXP 	Created inst2_diam = TextStim(__class__=<class 'psychopy.visual.text.TextStim'>, alignHoriz=method-wrapper(...), alignText='center', alignVert=method-wrapper(...), anchorHoriz='center', anchorVert='center', antialias=True, autoDraw=False, autoLog=True, bold=False, color=array([-1, -1, -1]), colorSpace='rgb', contrast=1.0, depth=-1.0, flipHoriz=False, flipVert=False, font='Open Sans', fontFiles=[], height=0.037, italic=False, languageStyle='RTL', name='inst2_diam', opacity=1.0, ori=0.0, pos=array([0., 0.]), rgb=UNKNOWN, text=str(...), units='height', win=Window(...), wrapWidth=800.0)
9.5834 	EXP 	Created inst_training = TextStim(__class__=<class 'psychopy.visual.text.TextStim'>, alignHoriz=method-wrapper(...), alignText='center', alignVert=method-wrapper(...), anchorHoriz='center', anchorVert='center', antialias=True, autoDraw=False, autoLog=True, bold=False, color=array([-1, -1, -1]), colorSpace='rgb', contrast=1.0, depth=0.0, flipHoriz=False, flipVert=False, font='Open Sans', fontFiles=[], height=0.037, italic=False, languageStyle='RTL', name='inst_training', opacity=1.0, ori=0.0, pos=array([0., 0.]), rgb=UNKNOWN, text=str(...), units='height', win=Window(...), wrapWidth=800.0)
9.5885 	EXP 	Created fixation_point = TextStim(__class__=<class 'psychopy.visual.text.TextStim'>, alignHoriz=method-wrapper(...), alignText='center', alignVert=method-wrapper(...), anchorHoriz='center', anchorVert='center', antialias=True, autoDraw=False, autoLog=True, bold=False, color=array([-1, -1, -1]), colorSpace='rgb', contrast=1.0, depth=0.0, flipHoriz=False, flipVert=False, font='Open Sans', fontFiles=[], height=0.04, italic=False, languageStyle='LTR', name='fixation_point', opacity=1.0, ori=0.0, pos=array([0., 0.]), rgb=UNKNOWN, text='Ready?\n+', units='height', win=Window(...), wrapWidth=1)
9.5922 	EXP 	Created circle_1 = ShapeStim(__class__=<class 'psychopy.visual.shape.ShapeStim'>, anchor=('center', 'center'), autoDraw=False, autoLog=True, closeShape=True, color=method-wrapper(...), colorSpace='rgb', contrast=None, depth=0.0, fillColor=array([ 0.0824, -0.6627,  0.7725]), fillColorSpace='rgb', fillRGB=array([ 0.0824, -0.6627,  0.7725]), interpolate=True, lineColor=array([0., 0., 0.]), lineColorSpace='rgb', lineRGB=array([0., 0., 0.]), lineWidth=1.0, name='circle_1', opacity=1.0, ori=0.0, pos=array([50.,  0.]), size=array([20., 20.]), units='pix', vertices=ndarray(...), win=Window(...), windingRule=None)
9.5930 	EXP 	Created triangle_1 = ShapeStim(__class__=<class 'psychopy.visual.shape.ShapeStim'>, anchor=('center', 'center'), autoDraw=False, autoLog=True, closeShape=True, color=method-wrapper(...), colorSpace='rgb', contrast=None, depth=-1.0, fillColor=array([ 0.0824, -0.6627,  0.7725]), fillColorSpace='rgb', fillRGB=array([ 0.0824, -0.6627,  0.7725]), interpolate=True, lineColor=array([0., 0., 0.]), lineColorSpace='rgb', lineRGB=array([0., 0., 0.]), lineWidth=1.0, name='triangle_1', opacity=1.0, ori=0.0, pos=array([50.,  0.]), size=array([20., 20.]), units='pix', vertices=ndarray(...), win=Window(...), windingRule=None)
9.5938 	EXP 	Created square_1 = Rect(__class__=<class 'psychopy.visual.rect.Rect'>, anchor=('center', 'center'), autoDraw=False, autoLog=True, closeShape=True, color=method-wrapper(...), colorSpace='rgb', contrast=None, depth=-2.0, fillColor=array([ 0.0824, -0.6627,  0.7725]), fillColorSpace='rgb', fillRGB=array([ 0.0824, -0.6627,  0.7725]), interpolate=True, lineColor=array([0., 0., 0.]), lineColorSpace='rgb', lineRGB=array([0., 0., 0.]), lineWidth=1.0, name='square_1', opacity=1.0, ori=0.0, pos=array([50.,  0.]), size=array([20., 20.]), units='pix', vertices=ndarray(...), win=Window(...))
9.5976 	EXP 	Created circle_2 = ShapeStim(__class__=<class 'psychopy.visual.shape.ShapeStim'>, anchor=('center', 'center'), autoDraw=False, autoLog=True, closeShape=True, color=method-wrapper(...), colorSpace='rgb', contrast=None, depth=-3.0, fillColor=array([0.9216, 0.9216, 0.7255]), fillColorSpace='rgb', fillRGB=array([0.9216, 0.9216, 0.7255]), interpolate=True, lineColor=array([0., 0., 0.]), lineColorSpace='rgb', lineRGB=array([0., 0., 0.]), lineWidth=1.0, name='circle_2', opacity=1.0, ori=0.0, pos=array([-50.,   0.]), size=array([20., 20.]), units='pix', vertices=ndarray(...), win=Window(...), windingRule=None)
9.5985 	EXP 	Created triangle_2 = ShapeStim(__class__=<class 'psychopy.visual.shape.ShapeStim'>, anchor=('center', 'center'), autoDraw=False, autoLog=True, closeShape=True, color=method-wrapper(...), colorSpace='rgb', contrast=None, depth=-4.0, fillColor=array([ 0.0824, -0.6627,  0.7725]), fillColorSpace='rgb', fillRGB=array([ 0.0824, -0.6627,  0.7725]), interpolate=True, lineColor=array([0., 0., 0.]), lineColorSpace='rgb', lineRGB=array([0., 0., 0.]), lineWidth=1.0, name='triangle_2', opacity=1.0, ori=0.0, pos=array([-50.,   0.]), size=array([20., 20.]), units='pix', vertices=ndarray(...), win=Window(...), windingRule=None)
9.5993 	EXP 	Created square_2 = Rect(__class__=<class 'psychopy.visual.rect.Rect'>, anchor=('center', 'center'), autoDraw=False, autoLog=True, closeShape=True, color=method-wrapper(...), colorSpace='rgb', contrast=None, depth=-5.0, fillColor=array([ 0.0824, -0.6627,  0.7725]), fillColorSpace='rgb', fillRGB=array([ 0.0824, -0.6627,  0.7725]), interpolate=True, lineColor=array([0., 0., 0.]), lineColorSpace='rgb', lineRGB=array([0., 0., 0.]), lineWidth=1.0, name='square_2', opacity=1.0, ori=0.0, pos=array([-50.,   0.]), size=array([20., 20.]), units='pix', vertices=ndarray(...), win=Window(...))
9.6004 	EXP 	Created calculate_text = TextStim(__class__=<class 'psychopy.visual.text.TextStim'>, alignHoriz=method-wrapper(...), alignText='center', alignVert=method-wrapper(...), anchorHoriz='center', anchorVert='center', antialias=True, autoDraw=False, autoLog=True, bold=False, color=array([-1, -1, -1]), colorSpace='rgb', contrast=1.0, depth=0.0, flipHoriz=False, flipVert=False, font='Open Sans', fontFiles=[], height=0.05, italic=False, languageStyle='RTL', name='calculate_text', opacity=1.0, ori=0.0, pos=array([0., 0.]), rgb=UNKNOWN, text='', units='height', win=Window(...), wrapWidth=1)
9.6168 	EXP 	Created inst_t = TextStim(__class__=<class 'psychopy.visual.text.TextStim'>, alignHoriz=method-wrapper(...), alignText='center', alignVert=method-wrapper(...), anchorHoriz='center', anchorVert='center', antialias=True, autoDraw=False, autoLog=True, bold=False, color=array([-1, -1, -1]), colorSpace='rgb', contrast=1.0, depth=0.0, flipHoriz=False, flipVert=False, font='Open Sans', fontFiles=[], height=0.05, italic=False, languageStyle='RTL', name='inst_t', opacity=1.0, ori=0.0, pos=array([0., 0.]), rgb=UNKNOWN, text=str(...), units='height', win=Window(...), wrapWidth=800.0)
9.6196 	EXP 	Created fixation_point = TextStim(__class__=<class 'psychopy.visual.text.TextStim'>, alignHoriz=method-wrapper(...), alignText='center', alignVert=method-wrapper(...), anchorHoriz='center', anchorVert='center', antialias=True, autoDraw=False, autoLog=True, bold=False, color=array([-1, -1, -1]), colorSpace='rgb', contrast=1.0, depth=0.0, flipHoriz=False, flipVert=False, font='Open Sans', fontFiles=[], height=0.04, italic=False, languageStyle='LTR', name='fixation_point', opacity=1.0, ori=0.0, pos=array([0., 0.]), rgb=UNKNOWN, text='Ready?\n+', units='height', win=Window(...), wrapWidth=1)
9.6204 	EXP 	Created redisplay_blank_text = TextStim(__class__=<class 'psychopy.visual.text.TextStim'>, alignHoriz=method-wrapper(...), alignText='center', alignVert=method-wrapper(...), anchorHoriz='center', anchorVert='center', antialias=True, autoDraw=False, autoLog=True, bold=False, color=array([1, 1, 1]), colorSpace='rgb', contrast=1.0, depth=0.0, flipHoriz=False, flipVert=False, font='Open Sans', fontFiles=[], height=0.05, italic=False, languageStyle='LTR', name='redisplay_blank_text', opacity=1.0, ori=0.0, pos=array([0., 0.]), rgb=UNKNOWN, text='', units='height', win=Window(...), wrapWidth=1)
9.6211 	EXP 	Created img_1_bg_t = Rect(__class__=<class 'psychopy.visual.rect.Rect'>, anchor=('center', 'center'), autoDraw=False, autoLog=True, closeShape=True, color=method-wrapper(...), colorSpace='rgb', contrast=None, depth=0.0, fillColor=array([0.5059, 0.5059, 0.5059]), fillColorSpace='rgb', fillRGB=array([0.5059, 0.5059, 0.5059]), interpolate=True, lineColor=array([0., 0., 0.]), lineColorSpace='rgb', lineRGB=array([0., 0., 0.]), lineWidth=1.0, name='img_1_bg_t', opacity=1.0, ori=0.0, pos=array([0., 0.]), size=array([1920., 1080.]), units='pix', vertices=ndarray(...), win=Window(...))
9.6220 	EXP 	Created img1_b1_t = Rect(__class__=<class 'psychopy.visual.rect.Rect'>, anchor=('center', 'center'), autoDraw=False, autoLog=True, closeShape=True, color=method-wrapper(...), colorSpace='rgb', contrast=None, depth=-1.0, fillColor=array([1, 1, 1]), fillColorSpace='rgb', fillRGB=array([1, 1, 1]), interpolate=True, lineColor=array([1, 1, 1]), lineColorSpace='rgb', lineRGB=array([1, 1, 1]), lineWidth=1.0, name='img1_b1_t', opacity=1.0, ori=45.0, pos=array([0., 0.]), size=array([20., 20.]), units='pix', vertices=ndarray(...), win=Window(...))
9.6228 	EXP 	Created img1_b2_t = Rect(__class__=<class 'psychopy.visual.rect.Rect'>, anchor=('center', 'center'), autoDraw=False, autoLog=True, closeShape=True, color=method-wrapper(...), colorSpace='rgb', contrast=None, depth=-2.0, fillColor=array([1, 1, 1]), fillColorSpace='rgb', fillRGB=array([1, 1, 1]), interpolate=True, lineColor=array([1, 1, 1]), lineColorSpace='rgb', lineRGB=array([1, 1, 1]), lineWidth=1.0, name='img1_b2_t', opacity=1.0, ori=45.0, pos=array([0., 0.]), size=array([20., 20.]), units='pix', vertices=ndarray(...), win=Window(...))
9.6236 	EXP 	Created img1_b3_t = Rect(__class__=<class 'psychopy.visual.rect.Rect'>, anchor=('center', 'center'), autoDraw=False, autoLog=True, closeShape=True, color=method-wrapper(...), colorSpace='rgb', contrast=None, depth=-3.0, fillColor=array([1, 1, 1]), fillColorSpace='rgb', fillRGB=array([1, 1, 1]), interpolate=True, lineColor=array([1, 1, 1]), lineColorSpace='rgb', lineRGB=array([1, 1, 1]), lineWidth=1.0, name='img1_b3_t', opacity=1.0, ori=45.0, pos=array([0., 0.]), size=array([20., 20.]), units='pix', vertices=ndarray(...), win=Window(...))
9.6244 	EXP 	Created img1_b4_t = Rect(__class__=<class 'psychopy.visual.rect.Rect'>, anchor=('center', 'center'), autoDraw=False, autoLog=True, closeShape=True, color=method-wrapper(...), colorSpace='rgb', contrast=None, depth=-4.0, fillColor=array([1, 1, 1]), fillColorSpace='rgb', fillRGB=array([1, 1, 1]), interpolate=True, lineColor=array([1, 1, 1]), lineColorSpace='rgb', lineRGB=array([1, 1, 1]), lineWidth=1.0, name='img1_b4_t', opacity=1.0, ori=45.0, pos=array([0., 0.]), size=array([20., 20.]), units='pix', vertices=ndarray(...), win=Window(...))
9.6252 	EXP 	Created blank_text = TextStim(__class__=<class 'psychopy.visual.text.TextStim'>, alignHoriz=method-wrapper(...), alignText='center', alignVert=method-wrapper(...), anchorHoriz='center', anchorVert='center', antialias=True, autoDraw=False, autoLog=True, bold=False, color=array([1, 1, 1]), colorSpace='rgb', contrast=1.0, depth=0.0, flipHoriz=False, flipVert=False, font='Open Sans', fontFiles=[], height=0.05, italic=False, languageStyle='LTR', name='blank_text', opacity=1.0, ori=0.0, pos=array([0., 0.]), rgb=UNKNOWN, text='', units='height', win=Window(...), wrapWidth=1)
9.6259 	EXP 	Created img2_bg_t = Rect(__class__=<class 'psychopy.visual.rect.Rect'>, anchor=('center', 'center'), autoDraw=False, autoLog=True, closeShape=True, color=method-wrapper(...), colorSpace='rgb', contrast=None, depth=0.0, fillColor=array([0.5059, 0.5059, 0.5059]), fillColorSpace='rgb', fillRGB=array([0.5059, 0.5059, 0.5059]), interpolate=True, lineColor=array([0., 0., 0.]), lineColorSpace='rgb', lineRGB=array([0., 0., 0.]), lineWidth=1.0, name='img2_bg_t', opacity=1.0, ori=0.0, pos=array([0., 0.]), size=array([1920., 1080.]), units='pix', vertices=ndarray(...), win=Window(...))
9.6268 	EXP 	Created img2_b1_t = Rect(__class__=<class 'psychopy.visual.rect.Rect'>, anchor=('center', 'center'), autoDraw=False, autoLog=True, closeShape=True, color=method-wrapper(...), colorSpace='rgb', contrast=None, depth=-1.0, fillColor=array([1, 1, 1]), fillColorSpace='rgb', fillRGB=array([1, 1, 1]), interpolate=True, lineColor=array([1, 1, 1]), lineColorSpace='rgb', lineRGB=array([1, 1, 1]), lineWidth=1.0, name='img2_b1_t', opacity=1.0, ori=45.0, pos=array([0., 0.]), size=array([20., 20.]), units='pix', vertices=ndarray(...), win=Window(...))
9.6277 	EXP 	Created img2_b2_t = Rect(__class__=<class 'psychopy.visual.rect.Rect'>, anchor=('center', 'center'), autoDraw=False, autoLog=True, closeShape=True, color=method-wrapper(...), colorSpace='rgb', contrast=None, depth=-2.0, fillColor=array([1, 1, 1]), fillColorSpace='rgb', fillRGB=array([1, 1, 1]), interpolate=True, lineColor=array([1, 1, 1]), lineColorSpace='rgb', lineRGB=array([1, 1, 1]), lineWidth=1.0, name='img2_b2_t', opacity=1.0, ori=45.0, pos=array([0., 0.]), size=array([20., 20.]), units='pix', vertices=ndarray(...), win=Window(...))
9.6285 	EXP 	Created img2_b3_t = Rect(__class__=<class 'psychopy.visual.rect.Rect'>, anchor=('center', 'center'), autoDraw=False, autoLog=True, closeShape=True, color=method-wrapper(...), colorSpace='rgb', contrast=None, depth=-3.0, fillColor=array([1, 1, 1]), fillColorSpace='rgb', fillRGB=array([1, 1, 1]), interpolate=True, lineColor=array([1, 1, 1]), lineColorSpace='rgb', lineRGB=array([1, 1, 1]), lineWidth=1.0, name='img2_b3_t', opacity=1.0, ori=45.0, pos=array([0., 0.]), size=array([20., 20.]), units='pix', vertices=ndarray(...), win=Window(...))
9.6293 	EXP 	Created img2_b4_t = Rect(__class__=<class 'psychopy.visual.rect.Rect'>, anchor=('center', 'center'), autoDraw=False, autoLog=True, closeShape=True, color=method-wrapper(...), colorSpace='rgb', contrast=None, depth=-4.0, fillColor=array([1, 1, 1]), fillColorSpace='rgb', fillRGB=array([1, 1, 1]), interpolate=True, lineColor=array([1, 1, 1]), lineColorSpace='rgb', lineRGB=array([1, 1, 1]), lineWidth=1.0, name='img2_b4_t', opacity=1.0, ori=45.0, pos=array([0., 0.]), size=array([20., 20.]), units='pix', vertices=ndarray(...), win=Window(...))
9.6398 	EXP 	Created exp_text = TextStim(__class__=<class 'psychopy.visual.text.TextStim'>, alignHoriz=method-wrapper(...), alignText='center', alignVert=method-wrapper(...), anchorHoriz='center', anchorVert='center', antialias=True, autoDraw=False, autoLog=True, bold=False, color=array([-1, -1, -1]), colorSpace='rgb', contrast=1.0, depth=0.0, flipHoriz=False, flipVert=False, font='Open Sans', fontFiles=[], height=0.05, italic=False, languageStyle='RTL', name='exp_text', opacity=1.0, ori=0.0, pos=array([0., 0.]), rgb=UNKNOWN, text=str(...), units='height', win=Window(...), wrapWidth=800.0)
9.6418 	EXP 	Created fixation_point = TextStim(__class__=<class 'psychopy.visual.text.TextStim'>, alignHoriz=method-wrapper(...), alignText='center', alignVert=method-wrapper(...), anchorHoriz='center', anchorVert='center', antialias=True, autoDraw=False, autoLog=True, bold=False, color=array([-1, -1, -1]), colorSpace='rgb', contrast=1.0, depth=0.0, flipHoriz=False, flipVert=False, font='Open Sans', fontFiles=[], height=0.04, italic=False, languageStyle='LTR', name='fixation_point', opacity=1.0, ori=0.0, pos=array([0., 0.]), rgb=UNKNOWN, text='Ready?\n+', units='height', win=Window(...), wrapWidth=1)
9.6425 	EXP 	Created redisplay_blank_text = TextStim(__class__=<class 'psychopy.visual.text.TextStim'>, alignHoriz=method-wrapper(...), alignText='center', alignVert=method-wrapper(...), anchorHoriz='center', anchorVert='center', antialias=True, autoDraw=False, autoLog=True, bold=False, color=array([1, 1, 1]), colorSpace='rgb', contrast=1.0, depth=0.0, flipHoriz=False, flipVert=False, font='Open Sans', fontFiles=[], height=0.05, italic=False, languageStyle='LTR', name='redisplay_blank_text', opacity=1.0, ori=0.0, pos=array([0., 0.]), rgb=UNKNOWN, text='', units='height', win=Window(...), wrapWidth=1)
9.6433 	EXP 	Created img1_bg = Rect(__class__=<class 'psychopy.visual.rect.Rect'>, anchor=('center', 'center'), autoDraw=False, autoLog=True, closeShape=True, color=method-wrapper(...), colorSpace='rgb', contrast=None, depth=0.0, fillColor=array([0.5059, 0.5059, 0.5059]), fillColorSpace='rgb', fillRGB=array([0.5059, 0.5059, 0.5059]), interpolate=True, lineColor=array([0., 0., 0.]), lineColorSpace='rgb', lineRGB=array([0., 0., 0.]), lineWidth=1.0, name='img1_bg', opacity=1.0, ori=0.0, pos=array([0., 0.]), size=array([1920., 1080.]), units='pix', vertices=ndarray(...), win=Window(...))
9.6441 	EXP 	Created img1_b1 = Rect(__class__=<class 'psychopy.visual.rect.Rect'>, anchor=('center', 'center'), autoDraw=False, autoLog=True, closeShape=True, color=method-wrapper(...), colorSpace='rgb', contrast=None, depth=-1.0, fillColor=array([1, 1, 1]), fillColorSpace='rgb', fillRGB=array([1, 1, 1]), interpolate=True, lineColor=array([1, 1, 1]), lineColorSpace='rgb', lineRGB=array([1, 1, 1]), lineWidth=1.0, name='img1_b1', opacity=1.0, ori=45.0, pos=array([0., 0.]), size=array([20., 20.]), units='pix', vertices=ndarray(...), win=Window(...))
9.6450 	EXP 	Created img1_b2 = Rect(__class__=<class 'psychopy.visual.rect.Rect'>, anchor=('center', 'center'), autoDraw=False, autoLog=True, closeShape=True, color=method-wrapper(...), colorSpace='rgb', contrast=None, depth=-2.0, fillColor=array([1, 1, 1]), fillColorSpace='rgb', fillRGB=array([1, 1, 1]), interpolate=True, lineColor=array([1, 1, 1]), lineColorSpace='rgb', lineRGB=array([1, 1, 1]), lineWidth=1.0, name='img1_b2', opacity=1.0, ori=45.0, pos=array([0., 0.]), size=array([20., 20.]), units='pix', vertices=ndarray(...), win=Window(...))
9.6458 	EXP 	Created img1_b3 = Rect(__class__=<class 'psychopy.visual.rect.Rect'>, anchor=('center', 'center'), autoDraw=False, autoLog=True, closeShape=True, color=method-wrapper(...), colorSpace='rgb', contrast=None, depth=-3.0, fillColor=array([1, 1, 1]), fillColorSpace='rgb', fillRGB=array([1, 1, 1]), interpolate=True, lineColor=array([1, 1, 1]), lineColorSpace='rgb', lineRGB=array([1, 1, 1]), lineWidth=1.0, name='img1_b3', opacity=1.0, ori=45.0, pos=array([0., 0.]), size=array([20., 20.]), units='pix', vertices=ndarray(...), win=Window(...))
9.6466 	EXP 	Created img1_b4 = Rect(__class__=<class 'psychopy.visual.rect.Rect'>, anchor=('center', 'center'), autoDraw=False, autoLog=True, closeShape=True, color=method-wrapper(...), colorSpace='rgb', contrast=None, depth=-4.0, fillColor=array([1, 1, 1]), fillColorSpace='rgb', fillRGB=array([1, 1, 1]), interpolate=True, lineColor=array([1, 1, 1]), lineColorSpace='rgb', lineRGB=array([1, 1, 1]), lineWidth=1.0, name='img1_b4', opacity=1.0, ori=45.0, pos=array([0., 0.]), size=array([20., 20.]), units='pix', vertices=ndarray(...), win=Window(...))
9.6473 	EXP 	Created blank_text = TextStim(__class__=<class 'psychopy.visual.text.TextStim'>, alignHoriz=method-wrapper(...), alignText='center', alignVert=method-wrapper(...), anchorHoriz='center', anchorVert='center', antialias=True, autoDraw=False, autoLog=True, bold=False, color=array([1, 1, 1]), colorSpace='rgb', contrast=1.0, depth=0.0, flipHoriz=False, flipVert=False, font='Open Sans', fontFiles=[], height=0.05, italic=False, languageStyle='LTR', name='blank_text', opacity=1.0, ori=0.0, pos=array([0., 0.]), rgb=UNKNOWN, text='', units='height', win=Window(...), wrapWidth=1)
9.6481 	EXP 	Created img2_bg = Rect(__class__=<class 'psychopy.visual.rect.Rect'>, anchor=('center', 'center'), autoDraw=False, autoLog=True, closeShape=True, color=method-wrapper(...), colorSpace='rgb', contrast=None, depth=0.0, fillColor=array([0.5059, 0.5059, 0.5059]), fillColorSpace='rgb', fillRGB=array([0.5059, 0.5059, 0.5059]), interpolate=True, lineColor=array([0., 0., 0.]), lineColorSpace='rgb', lineRGB=array([0., 0., 0.]), lineWidth=1.0, name='img2_bg', opacity=1.0, ori=0.0, pos=array([0., 0.]), size=array([1920., 1080.]), units='pix', vertices=ndarray(...), win=Window(...))
9.6489 	EXP 	Created img2_b1 = Rect(__class__=<class 'psychopy.visual.rect.Rect'>, anchor=('center', 'center'), autoDraw=False, autoLog=True, closeShape=True, color=method-wrapper(...), colorSpace='rgb', contrast=None, depth=-1.0, fillColor=array([1, 1, 1]), fillColorSpace='rgb', fillRGB=array([1, 1, 1]), interpolate=True, lineColor=array([1, 1, 1]), lineColorSpace='rgb', lineRGB=array([1, 1, 1]), lineWidth=1.0, name='img2_b1', opacity=1.0, ori=45.0, pos=array([0., 0.]), size=array([20., 20.]), units='pix', vertices=ndarray(...), win=Window(...))
9.6497 	EXP 	Created img2_b2 = Rect(__class__=<class 'psychopy.visual.rect.Rect'>, anchor=('center', 'center'), autoDraw=False, autoLog=True, closeShape=True, color=method-wrapper(...), colorSpace='rgb', contrast=None, depth=-2.0, fillColor=array([1, 1, 1]), fillColorSpace='rgb', fillRGB=array([1, 1, 1]), interpolate=True, lineColor=array([1, 1, 1]), lineColorSpace='rgb', lineRGB=array([1, 1, 1]), lineWidth=1.0, name='img2_b2', opacity=1.0, ori=45.0, pos=array([0., 0.]), size=array([20., 20.]), units='pix', vertices=ndarray(...), win=Window(...))
9.6505 	EXP 	Created img2_b3 = Rect(__class__=<class 'psychopy.visual.rect.Rect'>, anchor=('center', 'center'), autoDraw=False, autoLog=True, closeShape=True, color=method-wrapper(...), colorSpace='rgb', contrast=None, depth=-3.0, fillColor=array([1, 1, 1]), fillColorSpace='rgb', fillRGB=array([1, 1, 1]), interpolate=True, lineColor=array([1, 1, 1]), lineColorSpace='rgb', lineRGB=array([1, 1, 1]), lineWidth=1.0, name='img2_b3', opacity=1.0, ori=45.0, pos=array([0., 0.]), size=array([20., 20.]), units='pix', vertices=ndarray(...), win=Window(...))
9.6513 	EXP 	Created img2_b4 = Rect(__class__=<class 'psychopy.visual.rect.Rect'>, anchor=('center', 'center'), autoDraw=False, autoLog=True, closeShape=True, color=method-wrapper(...), colorSpace='rgb', contrast=None, depth=-4.0, fillColor=array([1, 1, 1]), fillColorSpace='rgb', fillRGB=array([1, 1, 1]), interpolate=True, lineColor=array([1, 1, 1]), lineColorSpace='rgb', lineRGB=array([1, 1, 1]), lineWidth=1.0, name='img2_b4', opacity=1.0, ori=45.0, pos=array([0., 0.]), size=array([20., 20.]), units='pix', vertices=ndarray(...), win=Window(...))
9.6548 	EXP 	Created finish_text = TextStim(__class__=<class 'psychopy.visual.text.TextStim'>, alignHoriz=method-wrapper(...), alignText='center', alignVert=method-wrapper(...), anchorHoriz='center', anchorVert='center', antialias=True, autoDraw=False, autoLog=True, bold=False, color=array([-1, -1, -1]), colorSpace='rgb', contrast=1.0, depth=0.0, flipHoriz=False, flipVert=False, font='Open Sans', fontFiles=[], height=0.05, italic=False, languageStyle='RTL', name='finish_text', opacity=1.0, ori=0.0, pos=array([0., 0.]), rgb=UNKNOWN, text=str(...), units='height', win=Window(...), wrapWidth=800.0)
9.6573 	EXP 	inst1_diam: autoDraw = True
9.9190 	DATA 	Keypress: space
9.9227 	EXP 	inst1_square: autoDraw = False
9.9227 	EXP 	inst1_diam: autoDraw = False
9.9227 	EXP 	inst2_diam: autoDraw = True
10.1857 	DATA 	Keypress: space
10.1889 	EXP 	inst2_square: autoDraw = False
10.1889 	EXP 	inst2_diam: autoDraw = False
10.1889 	EXP 	inst_training: autoDraw = True
10.6096 	DATA 	Keypress: q
10.8264 	EXP 	Created sequence: random, trialTypes=1, nReps=999, seed=None
10.8286 	EXP 	New trial (rep=0, index=0): None
10.8290 	EXP 	Created sequence: random, trialTypes=1, nReps=8, seed=None
10.8291 	EXP 	New trial (rep=0, index=0): None
10.8297 	DATA 	Keypress: space
10.8339 	EXP 	inst_training: autoDraw = False
10.8339 	EXP 	fixation_point: autoDraw = True
11.3312 	EXP 	New trial (rep=1, index=0): None
11.3329 	EXP 	fixation_point: autoDraw = False
11.3329 	EXP 	circle_1: foreColor = 'red'
11.3329 	EXP 	circle_1: fillColor = 'red'
11.3329 	EXP 	circle_1: borderColor = 'red'
11.3329 	EXP 	circle_1: color = 'red'
11.3329 	EXP 	triangle_1: foreColor = 'red'
11.3329 	EXP 	triangle_1: fillColor = 'red'
11.3329 	EXP 	triangle_1: borderColor = 'red'
11.3329 	EXP 	triangle_1: color = 'red'
11.3329 	EXP 	square_1: foreColor = 'red'
11.3329 	EXP 	square_1: fillColor = 'red'
11.3329 	EXP 	square_1: borderColor = 'red'
11.3329 	EXP 	square_1: color = 'red'
11.3329 	EXP 	circle_2: foreColor = 'red'
11.3329 	EXP 	circle_2: fillColor = 'red'
11.3329 	EXP 	circle_2: borderColor = 'red'
11.3329 	EXP 	circle_2: color = 'red'
11.3329 	EXP 	triangle_2: foreColor = 'red'
11.3329 	EXP 	triangle_2: fillColor = 'red'
11.3329 	EXP 	triangle_2: borderColor = 'red'
11.3329 	EXP 	triangle_2: color = 'red'
11.3329 	EXP 	square_2: foreColor = 'red'
11.3329 	EXP 	square_2: fillColor = 'red'
11.3329 	EXP 	square_2: borderColor = 'red'
11.3329 	EXP 	square_2: color = 'red'
11.3329 	EXP 	square_1: autoDraw = True
11.3329 	EXP 	square_2: autoDraw = True
11.3329 	EXP 	circle_1: autoDraw = False
11.3329 	EXP 	triangle_1: autoDraw = False
11.3329 	EXP 	square_1: autoDraw = False
11.3329 	EXP 	circle_2: autoDraw = False
11.3329 	EXP 	triangle_2: autoDraw = False
11.3329 	EXP 	square_2: autoDraw = False
11.3329 	EXP 	fixation_point: autoDraw = True
11.7831 	DATA 	Keypress: p
11.8307 	EXP 	New trial (rep=2, index=0): None
11.8346 	EXP 	fixation_point: autoDraw = False
11.8346 	EXP 	fixation_point: autoDraw = False
11.8346 	EXP 	circle_1: foreColor = 'red'
11.8346 	EXP 	circle_1: fillColor = 'red'
11.8346 	EXP 	circle_1: borderColor = 'red'
11.8346 	EXP 	circle_1: color = 'red'
11.8346 	EXP 	triangle_1: foreColor = 'red'
11.8346 	EXP 	triangle_1: fillColor = 'red'
11.8346 	EXP 	triangle_1: borderColor = 'red'
11.8346 	EXP 	triangle_1: color = 'red'
11.8346 	EXP 	square_1: foreColor = 'red'
11.8346 	EXP 	square_1: fillColor = 'red'
11.8346 	EXP 	square_1: borderColor = 'red'
11.8346 	EXP 	square_1: color = 'red'
11.8346 	EXP 	circle_2: foreColor = 'purple'
11.8346 	EXP 	circle_2: fillColor = 'purple'
11.8346 	EXP 	circle_2: borderColor = 'purple'
11.8346 	EXP 	circle_2: color = 'purple'
11.8346 	EXP 	triangle_2: foreColor = 'purple'
11.8346 	EXP 	triangle_2: fillColor = 'purple'
11.8346 	EXP 	triangle_2: borderColor = 'purple'
11.8346 	EXP 	triangle_2: color = 'purple'
11.8346 	EXP 	square_2: foreColor = 'purple'
11.8346 	EXP 	square_2: fillColor = 'purple'
11.8346 	EXP 	square_2: borderColor = 'purple'
11.8346 	EXP 	square_2: color = 'purple'
11.8346 	EXP 	square_1: autoDraw = True
11.8346 	EXP 	triangle_2: autoDraw = True
11.8346 	EXP 	circle_1: autoDraw = False
11.8346 	EXP 	triangle_1: autoDraw = False
11.8346 	EXP 	square_1: autoDraw = False
11.8346 	EXP 	circle_2: autoDraw = False
11.8346 	EXP 	triangle_2: autoDraw = False
11.8346 	EXP 	square_2: autoDraw = False
11.8346 	EXP 	fixation_point: autoDraw = True
12.3392 	EXP 	fixation_point: autoDraw = False
12.3392 	EXP 	circle_1: foreColor = 'blue'
12.3392 	EXP 	circle_1: fillColor = 'blue'
12.3392 	EXP 	circle_1: borderColor = 'blue'
12.3392 	EXP 	circle_1: color = 'blue'
12.3392 	EXP 	triangle_1: foreColor = 'blue'
12.3392 	EXP 	triangle_1: fillColor = 'blue'
12.3392 	EXP 	triangle_1: borderColor = 'blue'
12.3392 	EXP 	triangle_1: color = 'blue'
12.3392 	EXP 	square_1: foreColor = 'blue'
12.3392 	EXP 	square_1: fillColor = 'blue'
12.3392 	EXP 	square_1: borderColor = 'blue'
12.3392 	EXP 	square_1: color = 'blue'
12.3392 	EXP 	circle_2: foreColor = 'blue'
12.3392 	EXP 	circle_2: fillColor = 'blue'
12.3392 	EXP 	circle_2: borderColor = 'blue'
12.3392 	EXP 	circle_2: color = 'blue'
12.3392 	EXP 	triangle_2: foreColor = 'blue'
12.3392 	EXP 	triangle_2: fillColor = 'blue'
12.3392 	EXP 	triangle_2: borderColor = 'blue'
12.3392 	EXP 	triangle_2: color = 'blue'
12.3392 	EXP 	square_2: foreColor = 'blue'
12.3392 	EXP 	square_2: fillColor = 'blue'
12.3392 	EXP 	square_2: borderColor = 'blue'
12.3392 	EXP 	square_2: color = 'blue'
12.3392 	EXP 	circle_1: autoDraw = True
12.3392 	EXP 	circle_2: autoDraw = True
12.8645 	DATA 	Keypress: p
12.8649 	EXP 	New trial (rep=3, index=0): None
12.8685 	EXP 	circle_1: autoDraw = False
12.8685 	EXP 	triangle_1: autoDraw = False
12.8685 	EXP 	square_1: autoDraw = False
12.8685 	EXP 	circle_2: autoDraw = False
12.8685 	EXP 	triangle_2: autoDraw = False
12.8685 	EXP 	square_2: autoDraw = False
12.8685 	EXP 	fixation_point: autoDraw = True
13.3700 	EXP 	fixation_point: autoDraw = False
13.3700 	EXP 	circle_1: foreColor = 'saddlebrown'
13.3700 	EXP 	circle_1: fillColor = 'saddlebrown'
13.3700 	EXP 	circle_1: borderColor = 'saddlebrown'
13.3700 	EXP 	circle_1: color = 'saddlebrown'
13.3700 	EXP 	triangle_1: foreColor = 'saddlebrown'
13.3700 	EXP 	triangle_1: fillColor = 'saddlebrown'
13.3700 	EXP 	triangle_1: borderColor = 'saddlebrown'
13.3700 	EXP 	triangle_1: color = 'saddlebrown'
13.3700 	EXP 	square_1: foreColor = 'saddlebrown'
13.3700 	EXP 	square_1: fillColor = 'saddlebrown'
13.3700 	EXP 	square_1: borderColor = 'saddlebrown'
13.3700 	EXP 	square_1: color = 'saddlebrown'
13.3700 	EXP 	circle_2: foreColor = 'green'
13.3700 	EXP 	circle_2: fillColor = 'green'
13.3700 	EXP 	circle_2: borderColor = 'green'
13.3700 	EXP 	circle_2: color = 'green'
13.3700 	EXP 	triangle_2: foreColor = 'green'
13.3700 	EXP 	triangle_2: fillColor = 'green'
13.3700 	EXP 	triangle_2: borderColor = 'green'
13.3700 	EXP 	triangle_2: color = 'green'
13.3700 	EXP 	square_2: foreColor = 'green'
13.3700 	EXP 	square_2: fillColor = 'green'
13.3700 	EXP 	square_2: borderColor = 'green'
13.3700 	EXP 	square_2: color = 'green'
13.3700 	EXP 	triangle_1: autoDraw = True
13.3700 	EXP 	circle_2: autoDraw = True
13.7497 	DATA 	Keypress: q
13.7501 	EXP 	New trial (rep=4, index=0): None
13.7538 	EXP 	circle_1: autoDraw = False
13.7538 	EXP 	triangle_1: autoDraw = False
13.7538 	EXP 	square_1: autoDraw = False
13.7538 	EXP 	circle_2: autoDraw = False
13.7538 	EXP 	triangle_2: autoDraw = False
13.7538 	EXP 	square_2: autoDraw = False
13.7538 	EXP 	fixation_point: autoDraw = True
14.2552 	EXP 	fixation_point: autoDraw = False
14.2552 	EXP 	circle_1: foreColor = 'cyan'
14.2552 	EXP 	circle_1: fillColor = 'cyan'
14.2552 	EXP 	circle_1: borderColor = 'cyan'
14.2552 	EXP 	circle_1: color = 'cyan'
14.2552 	EXP 	triangle_1: foreColor = 'cyan'
14.2552 	EXP 	triangle_1: fillColor = 'cyan'
14.2552 	EXP 	triangle_1: borderColor = 'cyan'
14.2552 	EXP 	triangle_1: color = 'cyan'
14.2552 	EXP 	square_1: foreColor = 'cyan'
14.2552 	EXP 	square_1: fillColor = 'cyan'
14.2552 	EXP 	square_1: borderColor = 'cyan'
14.2552 	EXP 	square_1: color = 'cyan'
14.2552 	EXP 	circle_2: foreColor = 'cyan'
14.2552 	EXP 	circle_2: fillColor = 'cyan'
14.2552 	EXP 	circle_2: borderColor = 'cyan'
14.2552 	EXP 	circle_2: color = 'cyan'
14.2552 	EXP 	triangle_2: foreColor = 'cyan'
14.2552 	EXP 	triangle_2: fillColor = 'cyan'
14.2552 	EXP 	triangle_2: borderColor = 'cyan'
14.2552 	EXP 	triangle_2: color = 'cyan'
14.2552 	EXP 	square_2: foreColor = 'cyan'
14.2552 	EXP 	square_2: fillColor = 'cyan'
14.2552 	EXP 	square_2: borderColor = 'cyan'
14.2552 	EXP 	square_2: color = 'cyan'
14.2552 	EXP 	triangle_1: autoDraw = True
14.2552 	EXP 	circle_2: autoDraw = True
14.4296 	DATA 	Keypress: p
14.4300 	EXP 	New trial (rep=5, index=0): None
14.4338 	EXP 	circle_1: autoDraw = False
14.4338 	EXP 	triangle_1: autoDraw = False
14.4338 	EXP 	square_1: autoDraw = False
14.4338 	EXP 	circle_2: autoDraw = False
14.4338 	EXP 	triangle_2: autoDraw = False
14.4338 	EXP 	square_2: autoDraw = False
14.4338 	EXP 	fixation_point: autoDraw = True
14.9353 	EXP 	fixation_point: autoDraw = False
14.9353 	EXP 	circle_1: foreColor = 'purple'
14.9353 	EXP 	circle_1: fillColor = 'purple'
14.9353 	EXP 	circle_1: borderColor = 'purple'
14.9353 	EXP 	circle_1: color = 'purple'
14.9353 	EXP 	triangle_1: foreColor = 'purple'
14.9353 	EXP 	triangle_1: fillColor = 'purple'
14.9353 	EXP 	triangle_1: borderColor = 'purple'
14.9353 	EXP 	triangle_1: color = 'purple'
14.9353 	EXP 	square_1: foreColor = 'purple'
14.9353 	EXP 	square_1: fillColor = 'purple'
14.9353 	EXP 	square_1: borderColor = 'purple'
14.9353 	EXP 	square_1: color = 'purple'
14.9353 	EXP 	circle_2: foreColor = 'saddlebrown'
14.9353 	EXP 	circle_2: fillColor = 'saddlebrown'
14.9353 	EXP 	circle_2: borderColor = 'saddlebrown'
14.9353 	EXP 	circle_2: color = 'saddlebrown'
14.9353 	EXP 	triangle_2: foreColor = 'saddlebrown'
14.9353 	EXP 	triangle_2: fillColor = 'saddlebrown'
14.9353 	EXP 	triangle_2: borderColor = 'saddlebrown'
14.9353 	EXP 	triangle_2: color = 'saddlebrown'
14.9353 	EXP 	square_2: foreColor = 'saddlebrown'
14.9353 	EXP 	square_2: fillColor = 'saddlebrown'
14.9353 	EXP 	square_2: borderColor = 'saddlebrown'
14.9353 	EXP 	square_2: color = 'saddlebrown'
14.9353 	EXP 	square_1: autoDraw = True
14.9353 	EXP 	triangle_2: autoDraw = True
15.6938 	DATA 	Keypress: q
15.6943 	EXP 	New trial (rep=6, index=0): None
15.6975 	EXP 	circle_1: autoDraw = False
15.6975 	EXP 	triangle_1: autoDraw = False
15.6975 	EXP 	square_1: autoDraw = False
15.6975 	EXP 	circle_2: autoDraw = False
15.6975 	EXP 	triangle_2: autoDraw = False
15.6975 	EXP 	square_2: autoDraw = False
15.6975 	EXP 	fixation_point: autoDraw = True
16.1985 	EXP 	fixation_point: autoDraw = False
16.1985 	EXP 	fixation_point: autoDraw = False
16.1985 	EXP 	circle_1: foreColor = 'orange'
16.1985 	EXP 	circle_1: fillColor = 'orange'
16.1985 	EXP 	circle_1: borderColor = 'orange'
16.1985 	EXP 	circle_1: color = 'orange'
16.1985 	EXP 	triangle_1: foreColor = 'orange'
16.1985 	EXP 	triangle_1: fillColor = 'orange'
16.1985 	EXP 	triangle_1: borderColor = 'orange'
16.1985 	EXP 	triangle_1: color = 'orange'
16.1985 	EXP 	square_1: foreColor = 'orange'
16.1985 	EXP 	square_1: fillColor = 'orange'
16.1985 	EXP 	square_1: borderColor = 'orange'
16.1985 	EXP 	square_1: color = 'orange'
16.1985 	EXP 	circle_2: foreColor = 'orange'
16.1985 	EXP 	circle_2: fillColor = 'orange'
16.1985 	EXP 	circle_2: borderColor = 'orange'
16.1985 	EXP 	circle_2: color = 'orange'
16.1985 	EXP 	triangle_2: foreColor = 'orange'
16.1985 	EXP 	triangle_2: fillColor = 'orange'
16.1985 	EXP 	triangle_2: borderColor = 'orange'
16.1985 	EXP 	triangle_2: color = 'orange'
16.1985 	EXP 	square_2: foreColor = 'orange'
16.1985 	EXP 	square_2: fillColor = 'orange'
16.1985 	EXP 	square_2: borderColor = 'orange'
16.1985 	EXP 	square_2: color = 'orange'
16.1985 	EXP 	square_1: autoDraw = True
16.1985 	EXP 	square_2: autoDraw = True
16.6992 	DATA 	Keypress: p
16.6998 	EXP 	New trial (rep=7, index=0): None
16.7032 	EXP 	circle_1: autoDraw = False
16.7032 	EXP 	triangle_1: autoDraw = False
16.7032 	EXP 	square_1: autoDraw = False
16.7032 	EXP 	circle_2: autoDraw = False
16.7032 	EXP 	triangle_2: autoDraw = False
16.7032 	EXP 	square_2: autoDraw = False
16.7032 	EXP 	fixation_point: autoDraw = True
17.2037 	EXP 	fixation_point: autoDraw = False
17.2037 	EXP 	fixation_point: autoDraw = False
17.2037 	EXP 	circle_1: foreColor = 'yellow'
17.2037 	EXP 	circle_1: fillColor = 'yellow'
17.2037 	EXP 	circle_1: borderColor = 'yellow'
17.2037 	EXP 	circle_1: color = 'yellow'
17.2037 	EXP 	triangle_1: foreColor = 'yellow'
17.2037 	EXP 	triangle_1: fillColor = 'yellow'
17.2037 	EXP 	triangle_1: borderColor = 'yellow'
17.2037 	EXP 	triangle_1: color = 'yellow'
17.2037 	EXP 	square_1: foreColor = 'yellow'
17.2037 	EXP 	square_1: fillColor = 'yellow'
17.2037 	EXP 	square_1: borderColor = 'yellow'
17.2037 	EXP 	square_1: color = 'yellow'
17.2037 	EXP 	circle_2: foreColor = 'yellow'
17.2037 	EXP 	circle_2: fillColor = 'yellow'
17.2037 	EXP 	circle_2: borderColor = 'yellow'
17.2037 	EXP 	circle_2: color = 'yellow'
17.2037 	EXP 	triangle_2: foreColor = 'yellow'
17.2037 	EXP 	triangle_2: fillColor = 'yellow'
17.2037 	EXP 	triangle_2: borderColor = 'yellow'
17.2037 	EXP 	triangle_2: color = 'yellow'
17.2037 	EXP 	square_2: foreColor = 'yellow'
17.2037 	EXP 	square_2: fillColor = 'yellow'
17.2037 	EXP 	square_2: borderColor = 'yellow'
17.2037 	EXP 	square_2: color = 'yellow'
17.2037 	EXP 	triangle_1: autoDraw = True
17.2037 	EXP 	triangle_2: autoDraw = True
17.5667 	DATA 	Keypress: p
17.6238 	EXP 	window1: mouseVisible = True
